<?xml version="1.0" encoding="UTF-8"?>
<!-- Generated by org.testng.reporters.JUnitReportReporter -->
<testsuite hostname="DESKTOP-R2K6MVF" failures="0" tests="8" name="edu.poly.dao.ThongKeDaoNGTest" time="3.947" errors="0" timestamp="2021-04-27T09:23:07 ICT" skipped="0">
  <testcase classname="edu.poly.dao.ThongKeDaoNGTest" name="testGetBangDiemWithMultipleData" time="1.413"/>
  <system-out/>
  <testcase classname="edu.poly.dao.ThongKeDaoNGTest" name="testGetDiemTheoChuyenDeWithMultipleDate" time="0.341"/>
  <system-out/>
  <testcase classname="edu.poly.dao.ThongKeDaoNGTest" name="testGetDoanhThuWithMultipleData" time="0.349"/>
  <system-out/>
  <testcase classname="edu.poly.dao.ThongKeDaoNGTest" name="testGetNguoiHocWithMultipleDate" time="0.370"/>
  <system-out/>
  <testcase classname="edu.poly.dao.ThongKeDaoNGTest" name="testGetDoanhThu" time="0.340"/>
  <system-out/>
  <testcase classname="edu.poly.dao.ThongKeDaoNGTest" name="testGetBangDiem" time="0.392"/>
  <system-out/>
  <testcase classname="edu.poly.dao.ThongKeDaoNGTest" name="testGetNguoiHoc" time="0.334"/>
  <system-out/>
  <testcase classname="edu.poly.dao.ThongKeDaoNGTest" name="testGetDiemTheoChuyenDe" time="0.408"/>
  <system-out/>
</testsuite> <!-- edu.poly.dao.ThongKeDaoNGTest -->
